#
# There is insufficient memory for the Java Runtime Environment to continue.
# Native memory allocation (malloc) failed to allocate 1048576 bytes for AllocateHeap
# Possible reasons:
#   The system is out of physical RAM or swap space
#   The process is running with CompressedOops enabled, and the Java Heap may be blocking the growth of the native heap
# Possible solutions:
#   Reduce memory load on the system
#   Increase physical memory or swap space
#   Check if swap backing store is full
#   Decrease Java heap size (-Xmx/-Xms)
#   Decrease number of Java threads
#   Decrease Java thread stack sizes (-Xss)
#   Set larger code cache with -XX:ReservedCodeCacheSize=
#   JVM is running with Unscaled Compressed Oops mode in which the Java heap is
#     placed in the first 4GB address space. The Java Heap base address is the
#     maximum limit for the native heap growth. Please use -XX:HeapBaseMinAddress
#     to set the Java Heap base and to place the Java Heap above 4GB virtual address.
# This output file may be truncated or incomplete.
#
#  Out of Memory Error (./open/src/hotspot/share/memory/allocation.cpp:46), pid=12016, tid=12872
#
# JRE version: Java(TM) SE Runtime Environment 18.9 (11.0.8+10) (build 11.0.8+10-LTS)
# Java VM: Java HotSpot(TM) 64-Bit Server VM 18.9 (11.0.8+10-LTS, mixed mode, tiered, compressed oops, g1 gc, windows-amd64)
# No core dump will be written. Minidumps are not enabled by default on client versions of Windows
#

---------------  S U M M A R Y ------------

Command Line: -Dmaven.multiModuleProjectDirectory=d:\Code Stuff\Solo Project\Database Toper\tb-blessing org.apache.maven.wrapper.MavenWrapperMain help:effective-pom -Doutput=c:\Users\Asus\AppData\Roaming\Code\User\workspaceStorage\fb2bf2d982899ae606e6927c64fd71d3\vscjava.vscode-maven\a0172a83cee8312bbeaf92c3d2c8075e -f d:\Code Stuff\Solo Project\Database Toper\tb-blessing\pom.xml

Host: Intel(R) Core(TM) i5-8250U CPU @ 1.60GHz, 8 cores, 7G,  Windows 10 , 64 bit Build 18362 (10.0.18362.1110)
Time: Wed Nov 25 09:48:22 2020 SE Asia Standard Time elapsed time: 22 seconds (0d 0h 0m 22s)

---------------  T H R E A D  ---------------

Current thread (0x0000021a46612000):  VMThread "VM Thread" [stack: 0x0000003e51300000,0x0000003e51400000] [id=12872]

Stack: [0x0000003e51300000,0x0000003e51400000]
[error occurred during error reporting (printing stack bounds), id 0xc0000005, EXCEPTION_ACCESS_VIOLATION (0xc0000005) at pc=0x0000021a2f5d0dad]

Native frames: (J=compiled Java code, j=interpreted, Vv=VM code, C=native code)
V  [jvm.dll+0x601aea]
V  [jvm.dll+0x737fef]
V  [jvm.dll+0x739675]
V  [jvm.dll+0x739c55]
V  [jvm.dll+0x739c0b]
V  [jvm.dll+0x6013d3]
V  [jvm.dll+0x601798]
C  [ntdll.dll+0xa184f]
C  [ntdll.dll+0x6a889]
C  [ntdll.dll+0xa04be]
C  0x0000021a2f5d0dad

VM_Operation (0x0000003e50df9780): CollectForMetadataAllocation, mode: safepoint, requested by thread 0x0000021a259e9000


---------------  P R O C E S S  ---------------

Threads class SMR info:
_java_thread_list=0x0000021a482866d0, length=10, elements={
0x0000021a259e9000, 0x0000021a46634800, 0x0000021a46638000, 0x0000021a4664e800,
0x0000021a4664f800, 0x0000021a46f60800, 0x0000021a46f6f000, 0x0000021a46fdd000,
0x0000021a47134000, 0x0000021a47137800
}

Java Threads: ( => current thread )
  0x0000021a259e9000 JavaThread "main" [_thread_blocked, id=12816, stack(0x0000003e50d00000,0x0000003e50e00000)]
  0x0000021a46634800 JavaThread "Reference Handler" daemon [_thread_blocked, id=7512, stack(0x0000003e51400000,0x0000003e51500000)]
  0x0000021a46638000 JavaThread "Finalizer" daemon [_thread_blocked, id=12832, stack(0x0000003e51500000,0x0000003e51600000)]
  0x0000021a4664e800 JavaThread "Signal Dispatcher" daemon [_thread_blocked, id=14476, stack(0x0000003e51600000,0x0000003e51700000)]
  0x0000021a4664f800 JavaThread "Attach Listener" daemon [_thread_blocked, id=6892, stack(0x0000003e51700000,0x0000003e51800000)]
  0x0000021a46f60800 JavaThread "C2 CompilerThread0" daemon [_thread_blocked, id=6564, stack(0x0000003e51800000,0x0000003e51900000)]
  0x0000021a46f6f000 JavaThread "C1 CompilerThread0" daemon [_thread_blocked, id=16084, stack(0x0000003e51900000,0x0000003e51a00000)]
  0x0000021a46fdd000 JavaThread "Sweeper thread" daemon [_thread_blocked, id=2032, stack(0x0000003e51a00000,0x0000003e51b00000)]
  0x0000021a47134000 JavaThread "Service Thread" daemon [_thread_blocked, id=8352, stack(0x0000003e51b00000,0x0000003e51c00000)]
  0x0000021a47137800 JavaThread "Common-Cleaner" daemon [_thread_blocked, id=11408, stack(0x0000003e51d00000,0x0000003e51e00000)]

Other Threads:
=>0x0000021a46612000 VMThread "VM Thread" [stack: 0x0000003e51300000,0x0000003e51400000] [id=12872]
  0x0000021a47135000 WatcherThread [stack: 0x0000003e51c00000,0x0000003e51d00000] [id=13204]
  0x0000021a259fe000 GCTaskThread "GC Thread#0" [stack: 0x0000003e50e00000,0x0000003e50f00000] [id=16328]
  0x0000021a47863800 GCTaskThread "GC Thread#1" [stack: 0x0000003e51f00000,0x0000003e52000000] [id=13616]
  0x0000021a47694800 GCTaskThread "GC Thread#2" [stack: 0x0000003e52000000,0x0000003e52100000] [id=10108]
  0x0000021a25a2f800 ConcurrentGCThread "G1 Main Marker" [stack: 0x0000003e50f00000,0x0000003e51000000] [id=14572]
  0x0000021a25a32800 ConcurrentGCThread "G1 Conc#0" [stack: 0x0000003e51000000,0x0000003e51100000] [id=11376]
  0x0000021a485bb000 ConcurrentGCThread "G1 Conc#1" [stack: 0x0000003e51e00000,0x0000003e51f00000] [id=14364]
  0x0000021a25abe800 ConcurrentGCThread "G1 Refine#0" [stack: 0x0000003e51100000,0x0000003e51200000] [id=13856]
  0x0000021a46478800 ConcurrentGCThread "G1 Young RemSet Sampling" [stack: 0x0000003e51200000,0x0000003e51300000] [id=13920]

Threads with active compile tasks:

VM state:at safepoint (normal execution)

VM Mutex/Monitor currently owned by a thread:  ([mutex/lock_event])
[0x0000021a259e6550] Threads_lock - owner thread: 0x0000021a46612000
[0x0000021a259e5bc0] Heap_lock - owner thread: 0x0000021a259e9000

Heap address: 0x0000000081c00000, size: 2020 MB, Compressed Oops mode: 32-bit
Narrow klass base: 0x0000000000000000, Narrow klass shift: 3
Compressed class space size: 1073741824 Address: 0x0000000100000000

Heap:
 garbage-first heap   total 131072K, used 5036K [0x0000000081c00000, 0x0000000100000000)
  region size 1024K, 5 young (5120K), 5 survivors (5120K)
 Metaspace       used 17363K, capacity 17596K, committed 17664K, reserved 1073152K
  class space    used 1854K, capacity 1986K, committed 2048K, reserved 1048576K
Heap Regions: E=young(eden), S=young(survivor), O=old, HS=humongous(starts), HC=humongous(continues), CS=collection set, F=free, A=archive, TAMS=top-at-mark-start (previous, next)
|   0|0x0000000081c00000, 0x0000000081c83400, 0x0000000081d00000| 51%| O|  |TAMS 0x0000000081c00000, 0x0000000081c83400| Untracked 
|   1|0x0000000081d00000, 0x0000000081d00000, 0x0000000081e00000|  0%| F|  |TAMS 0x0000000081d00000, 0x0000000081d00000| Untracked 
|   2|0x0000000081e00000, 0x0000000081e00000, 0x0000000081f00000|  0%| F|  |TAMS 0x0000000081e00000, 0x0000000081e00000| Untracked 
|   3|0x0000000081f00000, 0x0000000081f00000, 0x0000000082000000|  0%| F|  |TAMS 0x0000000081f00000, 0x0000000081f00000| Untracked 
|   4|0x0000000082000000, 0x0000000082000000, 0x0000000082100000|  0%| F|  |TAMS 0x0000000082000000, 0x0000000082000000| Untracked 
|   5|0x0000000082100000, 0x0000000082100000, 0x0000000082200000|  0%| F|  |TAMS 0x0000000082100000, 0x0000000082100000| Untracked 
|   6|0x0000000082200000, 0x0000000082200000, 0x0000000082300000|  0%| F|  |TAMS 0x0000000082200000, 0x0000000082200000| Untracked 
|   7|0x0000000082300000, 0x0000000082300000, 0x0000000082400000|  0%| F|  |TAMS 0x0000000082300000, 0x0000000082300000| Untracked 
|   8|0x0000000082400000, 0x0000000082400000, 0x0000000082500000|  0%| F|  |TAMS 0x0000000082400000, 0x0000000082400000| Untracked 
|   9|0x0000000082500000, 0x0000000082500000, 0x0000000082600000|  0%| F|  |TAMS 0x0000000082500000, 0x0000000082500000| Untracked 
|  10|0x0000000082600000, 0x0000000082600000, 0x0000000082700000|  0%| F|  |TAMS 0x0000000082600000, 0x0000000082600000| Untracked 
|  11|0x0000000082700000, 0x0000000082700000, 0x0000000082800000|  0%| F|  |TAMS 0x0000000082700000, 0x0000000082700000| Untracked 
|  12|0x0000000082800000, 0x0000000082800000, 0x0000000082900000|  0%| F|  |TAMS 0x0000000082800000, 0x0000000082800000| Untracked 
|  13|0x0000000082900000, 0x0000000082900000, 0x0000000082a00000|  0%| F|  |TAMS 0x0000000082900000, 0x0000000082900000| Untracked 
|  14|0x0000000082a00000, 0x0000000082a00000, 0x0000000082b00000|  0%| F|  |TAMS 0x0000000082a00000, 0x0000000082a00000| Untracked 
|  15|0x0000000082b00000, 0x0000000082b00000, 0x0000000082c00000|  0%| F|  |TAMS 0x0000000082b00000, 0x0000000082b00000| Untracked 
|  16|0x0000000082c00000, 0x0000000082c00000, 0x0000000082d00000|  0%| F|  |TAMS 0x0000000082c00000, 0x0000000082c00000| Untracked 
|  17|0x0000000082d00000, 0x0000000082d00000, 0x0000000082e00000|  0%| F|  |TAMS 0x0000000082d00000, 0x0000000082d00000| Untracked 
|  18|0x0000000082e00000, 0x0000000082e00000, 0x0000000082f00000|  0%| F|  |TAMS 0x0000000082e00000, 0x0000000082e00000| Untracked 
|  19|0x0000000082f00000, 0x0000000082f00000, 0x0000000083000000|  0%| F|  |TAMS 0x0000000082f00000, 0x0000000082f00000| Untracked 
|  20|0x0000000083000000, 0x0000000083000000, 0x0000000083100000|  0%| F|  |TAMS 0x0000000083000000, 0x0000000083000000| Untracked 
|  21|0x0000000083100000, 0x0000000083100000, 0x0000000083200000|  0%| F|  |TAMS 0x0000000083100000, 0x0000000083100000| Untracked 
|  22|0x0000000083200000, 0x0000000083200000, 0x0000000083300000|  0%| F|  |TAMS 0x0000000083200000, 0x0000000083200000| Untracked 
|  23|0x0000000083300000, 0x0000000083300000, 0x0000000083400000|  0%| F|  |TAMS 0x0000000083300000, 0x0000000083300000| Untracked 
|  24|0x0000000083400000, 0x0000000083400000, 0x0000000083500000|  0%| F|  |TAMS 0x0000000083400000, 0x0000000083400000| Untracked 
|  25|0x0000000083500000, 0x0000000083500000, 0x0000000083600000|  0%| F|  |TAMS 0x0000000083500000, 0x0000000083500000| Untracked 
|  26|0x0000000083600000, 0x0000000083600000, 0x0000000083700000|  0%| F|  |TAMS 0x0000000083600000, 0x0000000083600000| Untracked 
|  27|0x0000000083700000, 0x0000000083700000, 0x0000000083800000|  0%| F|  |TAMS 0x0000000083700000, 0x0000000083700000| Untracked 
|  28|0x0000000083800000, 0x0000000083800000, 0x0000000083900000|  0%| F|  |TAMS 0x0000000083800000, 0x0000000083800000| Untracked 
|  29|0x0000000083900000, 0x0000000083900000, 0x0000000083a00000|  0%| F|  |TAMS 0x0000000083900000, 0x0000000083900000| Untracked 
|  30|0x0000000083a00000, 0x0000000083a00000, 0x0000000083b00000|  0%| F|  |TAMS 0x0000000083a00000, 0x0000000083a00000| Untracked 
|  31|0x0000000083b00000, 0x0000000083b00000, 0x0000000083c00000|  0%| F|  |TAMS 0x0000000083b00000, 0x0000000083b00000| Untracked 
|  32|0x0000000083c00000, 0x0000000083c00000, 0x0000000083d00000|  0%| F|  |TAMS 0x0000000083c00000, 0x0000000083c00000| Untracked 
|  33|0x0000000083d00000, 0x0000000083d00000, 0x0000000083e00000|  0%| F|  |TAMS 0x0000000083d00000, 0x0000000083d00000| Untracked 
|  34|0x0000000083e00000, 0x0000000083e00000, 0x0000000083f00000|  0%| F|  |TAMS 0x0000000083e00000, 0x0000000083e00000| Untracked 
|  35|0x0000000083f00000, 0x0000000083f00000, 0x0000000084000000|  0%| F|  |TAMS 0x0000000083f00000, 0x0000000083f00000| Untracked 
|  36|0x0000000084000000, 0x0000000084000000, 0x0000000084100000|  0%| F|  |TAMS 0x0000000084000000, 0x0000000084000000| Untracked 
|  37|0x0000000084100000, 0x0000000084100000, 0x0000000084200000|  0%| F|  |TAMS 0x0000000084100000, 0x0000000084100000| Untracked 
|  38|0x0000000084200000, 0x0000000084200000, 0x0000000084300000|  0%| F|  |TAMS 0x0000000084200000, 0x0000000084200000| Untracked 
|  39|0x0000000084300000, 0x0000000084300000, 0x0000000084400000|  0%| F|  |TAMS 0x0000000084300000, 0x0000000084300000| Untracked 
|  40|0x0000000084400000, 0x0000000084400000, 0x0000000084500000|  0%| F|  |TAMS 0x0000000084400000, 0x0000000084400000| Untracked 
|  41|0x0000000084500000, 0x0000000084500000, 0x0000000084600000|  0%| F|  |TAMS 0x0000000084500000, 0x0000000084500000| Untracked 
|  42|0x0000000084600000, 0x0000000084600000, 0x0000000084700000|  0%| F|  |TAMS 0x0000000084600000, 0x0000000084600000| Untracked 
|  43|0x0000000084700000, 0x0000000084700000, 0x0000000084800000|  0%| F|  |TAMS 0x0000000084700000, 0x0000000084700000| Untracked 
|  44|0x0000000084800000, 0x0000000084800000, 0x0000000084900000|  0%| F|  |TAMS 0x0000000084800000, 0x0000000084800000| Untracked 
|  45|0x0000000084900000, 0x0000000084900000, 0x0000000084a00000|  0%| F|  |TAMS 0x0000000084900000, 0x0000000084900000| Untracked 
|  46|0x0000000084a00000, 0x0000000084a00000, 0x0000000084b00000|  0%| F|  |TAMS 0x0000000084a00000, 0x0000000084a00000| Untracked 
|  47|0x0000000084b00000, 0x0000000084b00000, 0x0000000084c00000|  0%| F|  |TAMS 0x0000000084b00000, 0x0000000084b00000| Untracked 
|  48|0x0000000084c00000, 0x0000000084c00000, 0x0000000084d00000|  0%| F|  |TAMS 0x0000000084c00000, 0x0000000084c00000| Untracked 
|  49|0x0000000084d00000, 0x0000000084d00000, 0x0000000084e00000|  0%| F|  |TAMS 0x0000000084d00000, 0x0000000084d00000| Untracked 
|  50|0x0000000084e00000, 0x0000000084e00000, 0x0000000084f00000|  0%| F|  |TAMS 0x0000000084e00000, 0x0000000084e00000| Untracked 
|  51|0x0000000084f00000, 0x0000000084f00000, 0x0000000085000000|  0%| F|  |TAMS 0x0000000084f00000, 0x0000000084f00000| Untracked 
|  52|0x0000000085000000, 0x0000000085000000, 0x0000000085100000|  0%| F|  |TAMS 0x0000000085000000, 0x0000000085000000| Untracked 
|  53|0x0000000085100000, 0x0000000085100000, 0x0000000085200000|  0%| F|  |TAMS 0x0000000085100000, 0x0000000085100000| Untracked 
|  54|0x0000000085200000, 0x0000000085200000, 0x0000000085300000|  0%| F|  |TAMS 0x0000000085200000, 0x0000000085200000| Untracked 
|  55|0x0000000085300000, 0x0000000085300000, 0x0000000085400000|  0%| F|  |TAMS 0x0000000085300000, 0x0000000085300000| Untracked 
|  56|0x0000000085400000, 0x0000000085400000, 0x0000000085500000|  0%| F|  |TAMS 0x0000000085400000, 0x0000000085400000| Untracked 
|  57|0x0000000085500000, 0x0000000085500000, 0x0000000085600000|  0%| F|  |TAMS 0x0000000085500000, 0x0000000085500000| Untracked 
|  58|0x0000000085600000, 0x0000000085600000, 0x0000000085700000|  0%| F|  |TAMS 0x0000000085600000, 0x0000000085600000| Untracked 
|  59|0x0000000085700000, 0x0000000085700000, 0x0000000085800000|  0%| F|  |TAMS 0x0000000085700000, 0x0000000085700000| Untracked 
|  60|0x0000000085800000, 0x0000000085800000, 0x0000000085900000|  0%| F|  |TAMS 0x0000000085800000, 0x0000000085800000| Untracked 
|  61|0x0000000085900000, 0x0000000085900000, 0x0000000085a00000|  0%| F|  |TAMS 0x0000000085900000, 0x0000000085900000| Untracked 
|  62|0x0000000085a00000, 0x0000000085a00000, 0x0000000085b00000|  0%| F|  |TAMS 0x0000000085a00000, 0x0000000085a00000| Untracked 
|  63|0x0000000085b00000, 0x0000000085b00000, 0x0000000085c00000|  0%| F|  |TAMS 0x0000000085b00000, 0x0000000085b00000| Untracked 
|  64|0x0000000085c00000, 0x0000000085c00000, 0x0000000085d00000|  0%| F|  |TAMS 0x0000000085c00000, 0x0000000085c00000| Untracked 
|  65|0x0000000085d00000, 0x0000000085d00000, 0x0000000085e00000|  0%| F|  |TAMS 0x0000000085d00000, 0x0000000085d00000| Untracked 
|  66|0x0000000085e00000, 0x0000000085e00000, 0x0000000085f00000|  0%| F|  |TAMS 0x0000000085e00000, 0x0000000085e00000| Untracked 
|  67|0x0000000085f00000, 0x0000000085f00000, 0x0000000086000000|  0%| F|  |TAMS 0x0000000085f00000, 0x0000000085f00000| Untracked 
|  68|0x0000000086000000, 0x0000000086000000, 0x0000000086100000|  0%| F|  |TAMS 0x0000000086000000, 0x0000000086000000| Untracked 
|  69|0x0000000086100000, 0x0000000086100000, 0x0000000086200000|  0%| F|  |TAMS 0x0000000086100000, 0x0000000086100000| Untracked 
|  70|0x0000000086200000, 0x0000000086200000, 0x0000000086300000|  0%| F|  |TAMS 0x0000000086200000, 0x0000000086200000| Untracked 
|  71|0x0000000086300000, 0x0000000086300000, 0x0000000086400000|  0%| F|  |TAMS 0x0000000086300000, 0x0000000086300000| Untracked 
|  72|0x0000000086400000, 0x0000000086400000, 0x0000000086500000|  0%| F|  |TAMS 0x0000000086400000, 0x0000000086400000| Untracked 
|  73|0x0000000086500000, 0x0000000086500000, 0x0000000086600000|  0%| F|  |TAMS 0x0000000086500000, 0x0000000086500000| Untracked 
|  74|0x0000000086600000, 0x0000000086600000, 0x0000000086700000|  0%| F|  |TAMS 0x0000000086600000, 0x0000000086600000| Untracked 
|  75|0x0000000086700000, 0x0000000086700000, 0x0000000086800000|  0%| F|  |TAMS 0x0000000086700000, 0x0000000086700000| Untracked 
|  76|0x0000000086800000, 0x0000000086800000, 0x0000000086900000|  0%| F|  |TAMS 0x0000000086800000, 0x0000000086800000| Untracked 
|  77|0x0000000086900000, 0x0000000086900000, 0x0000000086a00000|  0%| F|  |TAMS 0x0000000086900000, 0x0000000086900000| Untracked 
|  78|0x0000000086a00000, 0x0000000086a00000, 0x0000000086b00000|  0%| F|  |TAMS 0x0000000086a00000, 0x0000000086a00000| Untracked 
|  79|0x0000000086b00000, 0x0000000086b00000, 0x0000000086c00000|  0%| F|  |TAMS 0x0000000086b00000, 0x0000000086b00000| Untracked 
|  80|0x0000000086c00000, 0x0000000086c00000, 0x0000000086d00000|  0%| F|  |TAMS 0x0000000086c00000, 0x0000000086c00000| Untracked 
|  81|0x0000000086d00000, 0x0000000086d00000, 0x0000000086e00000|  0%| F|  |TAMS 0x0000000086d00000, 0x0000000086d00000| Untracked 
|  82|0x0000000086e00000, 0x0000000086e00000, 0x0000000086f00000|  0%| F|  |TAMS 0x0000000086e00000, 0x0000000086e00000| Untracked 
|  83|0x0000000086f00000, 0x0000000086f00000, 0x0000000087000000|  0%| F|  |TAMS 0x0000000086f00000, 0x0000000086f00000| Untracked 
|  84|0x0000000087000000, 0x0000000087000000, 0x0000000087100000|  0%| F|  |TAMS 0x0000000087000000, 0x0000000087000000| Untracked 
|  85|0x0000000087100000, 0x0000000087100000, 0x0000000087200000|  0%| F|  |TAMS 0x0000000087100000, 0x0000000087100000| Untracked 
|  86|0x0000000087200000, 0x0000000087200000, 0x0000000087300000|  0%| F|  |TAMS 0x0000000087200000, 0x0000000087200000| Untracked 
|  87|0x0000000087300000, 0x0000000087300000, 0x0000000087400000|  0%| F|  |TAMS 0x0000000087300000, 0x0000000087300000| Untracked 
|  88|0x0000000087400000, 0x0000000087400000, 0x0000000087500000|  0%| F|  |TAMS 0x0000000087400000, 0x0000000087400000| Untracked 
|  89|0x0000000087500000, 0x0000000087567f50, 0x0000000087600000| 40%| S|CS|TAMS 0x0000000087500000, 0x0000000087500000| Complete 
|  90|0x0000000087600000, 0x0000000087700000, 0x0000000087700000|100%| S|CS|TAMS 0x0000000087600000, 0x0000000087600000| Complete 
|  91|0x0000000087700000, 0x0000000087800000, 0x0000000087800000|100%| S|CS|TAMS 0x0000000087700000, 0x0000000087700000| Complete 
|  92|0x0000000087800000, 0x0000000087900000, 0x0000000087900000|100%| S|CS|TAMS 0x0000000087800000, 0x0000000087800000| Complete 
|  93|0x0000000087900000, 0x0000000087a00000, 0x0000000087a00000|100%| S|CS|TAMS 0x0000000087900000, 0x0000000087900000| Complete 
|  94|0x0000000087a00000, 0x0000000087a00000, 0x0000000087b00000|  0%| F|  |TAMS 0x0000000087a00000, 0x0000000087a00000| Untracked 
|  95|0x0000000087b00000, 0x0000000087b00000, 0x0000000087c00000|  0%| F|  |TAMS 0x0000000087b00000, 0x0000000087b00000| Untracked 
|  96|0x0000000087c00000, 0x0000000087c00000, 0x0000000087d00000|  0%| F|  |TAMS 0x0000000087c00000, 0x0000000087c00000| Untracked 
|  97|0x0000000087d00000, 0x0000000087d00000, 0x0000000087e00000|  0%| F|  |TAMS 0x0000000087d00000, 0x0000000087d00000| Untracked 
|  98|0x0000000087e00000, 0x0000000087e00000, 0x0000000087f00000|  0%| F|  |TAMS 0x0000000087e00000, 0x0000000087e00000| Untracked 
|  99|0x0000000087f00000, 0x0000000087f00000, 0x0000000088000000|  0%| F|  |TAMS 0x0000000087f00000, 0x0000000087f00000| Untracked 
| 100|0x0000000088000000, 0x0000000088000000, 0x0000000088100000|  0%| F|  |TAMS 0x0000000088000000, 0x0000000088000000| Untracked 
| 101|0x0000000088100000, 0x0000000088100000, 0x0000000088200000|  0%| F|  |TAMS 0x0000000088100000, 0x0000000088100000| Untracked 
| 102|0x0000000088200000, 0x0000000088200000, 0x0000000088300000|  0%| F|  |TAMS 0x0000000088200000, 0x0000000088200000| Untracked 
| 103|0x0000000088300000, 0x0000000088300000, 0x0000000088400000|  0%| F|  |TAMS 0x0000000088300000, 0x0000000088300000| Untracked 
| 104|0x0000000088400000, 0x0000000088400000, 0x0000000088500000|  0%| F|  |TAMS 0x0000000088400000, 0x0000000088400000| Untracked 
| 105|0x0000000088500000, 0x0000000088500000, 0x0000000088600000|  0%| F|  |TAMS 0x0000000088500000, 0x0000000088500000| Untracked 
| 106|0x0000000088600000, 0x0000000088600000, 0x0000000088700000|  0%| F|  |TAMS 0x0000000088600000, 0x0000000088600000| Untracked 
| 107|0x0000000088700000, 0x0000000088700000, 0x0000000088800000|  0%| F|  |TAMS 0x0000000088700000, 0x0000000088700000| Untracked 
| 108|0x0000000088800000, 0x0000000088800000, 0x0000000088900000|  0%| F|  |TAMS 0x0000000088800000, 0x0000000088800000| Untracked 
| 109|0x0000000088900000, 0x0000000088900000, 0x0000000088a00000|  0%| F|  |TAMS 0x0000000088900000, 0x0000000088900000| Untracked 
| 110|0x0000000088a00000, 0x0000000088a00000, 0x0000000088b00000|  0%| F|  |TAMS 0x0000000088a00000, 0x0000000088a00000| Untracked 
| 111|0x0000000088b00000, 0x0000000088b00000, 0x0000000088c00000|  0%| F|  |TAMS 0x0000000088b00000, 0x0000000088b00000| Untracked 
| 112|0x0000000088c00000, 0x0000000088c00000, 0x0000000088d00000|  0%| F|  |TAMS 0x0000000088c00000, 0x0000000088c00000| Untracked 
| 113|0x0000000088d00000, 0x0000000088d00000, 0x0000000088e00000|  0%| F|  |TAMS 0x0000000088d00000, 0x0000000088d00000| Untracked 
| 114|0x0000000088e00000, 0x0000000088e00000, 0x0000000088f00000|  0%| F|  |TAMS 0x0000000088e00000, 0x0000000088e00000| Untracked 
| 115|0x0000000088f00000, 0x0000000088f00000, 0x0000000089000000|  0%| F|  |TAMS 0x0000000088f00000, 0x0000000088f00000| Untracked 
| 116|0x0000000089000000, 0x0000000089000000, 0x0000000089100000|  0%| F|  |TAMS 0x0000000089000000, 0x0000000089000000| Untracked 
| 117|0x0000000089100000, 0x0000000089100000, 0x0000000089200000|  0%| F|  |TAMS 0x0000000089100000, 0x0000000089100000| Untracked 
| 118|0x0000000089200000, 0x0000000089200000, 0x0000000089300000|  0%| F|  |TAMS 0x0000000089200000, 0x0000000089200000| Untracked 
| 119|0x0000000089300000, 0x0000000089300000, 0x0000000089400000|  0%| F|  |TAMS 0x0000000089300000, 0x0000000089300000| Untracked 
| 120|0x0000000089400000, 0x0000000089400000, 0x0000000089500000|  0%| F|  |TAMS 0x0000000089400000, 0x0000000089400000| Untracked 
| 121|0x0000000089500000, 0x0000000089500000, 0x0000000089600000|  0%| F|  |TAMS 0x0000000089500000, 0x0000000089500000| Untracked 
| 122|0x0000000089600000, 0x0000000089600000, 0x0000000089700000|  0%| F|  |TAMS 0x0000000089600000, 0x0000000089600000| Untracked 
| 123|0x0000000089700000, 0x0000000089700000, 0x0000000089800000|  0%| F|  |TAMS 0x0000000089700000, 0x0000000089700000| Untracked 
| 124|0x0000000089800000, 0x0000000089800000, 0x0000000089900000|  0%| F|  |TAMS 0x0000000089800000, 0x0000000089800000| Untracked 
| 125|0x0000000089900000, 0x0000000089900000, 0x0000000089a00000|  0%| F|  |TAMS 0x0000000089900000, 0x0000000089900000| Untracked 
| 126|0x0000000089a00000, 0x0000000089a00000, 0x0000000089b00000|  0%| F|  |TAMS 0x0000000089a00000, 0x0000000089a00000| Untracked 
| 127|0x0000000089b00000, 0x0000000089b00000, 0x0000000089c00000|  0%| F|  |TAMS 0x0000000089b00000, 0x0000000089b00000| Untracked 

Card table byte_map: [0x0000021a3f430000,0x0000021a3f830000] _byte_map_base: 0x0000021a3f022000

Marking Bits (Prev, Next): (CMBitMap*) 0x0000021a25a26998, (CMBitMap*) 0x0000021a25a269d0
 Prev Bits: [0x0000021a3fc30000, 0x0000021a41bc0000)
 Next Bits: [0x0000021a41bc0000, 0x0000021a43b50000)

Polling page: 0x0000021a257a0000

Metaspace:

Usage:
  Non-class:     15.24 MB capacity,    15.15 MB (>99%) used,    82.53 KB ( <1%) free+waste,    18.44 KB ( <1%) overhead. 
      Class:      1.94 MB capacity,     1.81 MB ( 93%) used,   123.80 KB (  6%) free+waste,     7.81 KB ( <1%) overhead. 
       Both:     17.18 MB capacity,    16.96 MB ( 99%) used,   206.33 KB (  1%) free+waste,    26.25 KB ( <1%) overhead. 

Virtual space:
  Non-class space:       24.00 MB reserved,      15.25 MB ( 64%) committed 
      Class space:        1.00 GB reserved,       2.00 MB ( <1%) committed 
             Both:        1.02 GB reserved,      17.25 MB (  2%) committed 

Chunk freelists:
   Non-Class:  768 bytes
       Class:  3.75 KB
        Both:  4.50 KB

CodeHeap 'non-profiled nmethods': size=120000Kb used=621Kb max_used=621Kb free=119378Kb
 bounds [0x0000021a370a0000, 0x0000021a37310000, 0x0000021a3e5d0000]
CodeHeap 'profiled nmethods': size=120000Kb used=3357Kb max_used=3357Kb free=116642Kb
 bounds [0x0000021a2fb70000, 0x0000021a2fec0000, 0x0000021a370a0000]
CodeHeap 'non-nmethods': size=5760Kb used=1102Kb max_used=1120Kb free=4658Kb
 bounds [0x0000021a2f5d0000, 0x0000021a2f840000, 0x0000021a2fb70000]
 total_blobs=1994 nmethods=1583 adapters=323
 compilation: enabled
              stopped_count=0, restarted_count=0
 full_count=0

Compilation events (10 events):
Event: 21.880 Thread 0x0000021a46f6f000 1587       1       com.google.inject.Key::getTypeLiteral (5 bytes)
Event: 21.880 Thread 0x0000021a46f6f000 nmethod 1587 0x0000021a3713af10 code [0x0000021a3713b0a0, 0x0000021a3713b1b8]
Event: 21.885 Thread 0x0000021a46f6f000 1589       3       java.lang.reflect.Constructor::copy (72 bytes)
Event: 21.885 Thread 0x0000021a46f6f000 nmethod 1589 0x0000021a2feb6210 code [0x0000021a2feb63e0, 0x0000021a2feb67e0]
Event: 21.885 Thread 0x0000021a46f6f000 1588       3       java.lang.reflect.Constructor::<init> (50 bytes)
Event: 21.885 Thread 0x0000021a46f6f000 nmethod 1588 0x0000021a2feb6910 code [0x0000021a2feb6ae0, 0x0000021a2feb6fb8]
Event: 21.902 Thread 0x0000021a46f6f000 1590       3       org.eclipse.sisu.inject.TypeArguments::isConcrete (21 bytes)
Event: 21.902 Thread 0x0000021a46f6f000 nmethod 1590 0x0000021a2feb7110 code [0x0000021a2feb72e0, 0x0000021a2feb75e0]
Event: 21.907 Thread 0x0000021a46f6f000 1591       1       org.eclipse.sisu.space.WildcardKey$QualifiedImpl::annotationType (3 bytes)
Event: 21.907 Thread 0x0000021a46f6f000 nmethod 1591 0x0000021a3713b210 code [0x0000021a3713b3a0, 0x0000021a3713b4b8]

GC Heap History (4 events):
Event: 16.573 GC heap before
{Heap before GC invocations=0 (full 0):
 garbage-first heap   total 131072K, used 23552K [0x0000000081c00000, 0x0000000100000000)
  region size 1024K, 24 young (24576K), 0 survivors (0K)
 Metaspace       used 13404K, capacity 13669K, committed 13824K, reserved 1060864K
  class space    used 1348K, capacity 1428K, committed 1536K, reserved 1048576K
}
Event: 16.668 GC heap after
{Heap after GC invocations=1 (full 0):
 garbage-first heap   total 131072K, used 3597K [0x0000000081c00000, 0x0000000100000000)
  region size 1024K, 3 young (3072K), 3 survivors (3072K)
 Metaspace       used 13404K, capacity 13669K, committed 13824K, reserved 1060864K
  class space    used 1348K, capacity 1428K, committed 1536K, reserved 1048576K
}
Event: 21.910 GC heap before
{Heap before GC invocations=1 (full 0):
 garbage-first heap   total 131072K, used 34317K [0x0000000081c00000, 0x0000000100000000)
  region size 1024K, 34 young (34816K), 3 survivors (3072K)
 Metaspace       used 17363K, capacity 17596K, committed 17664K, reserved 1071104K
  class space    used 1854K, capacity 1986K, committed 2048K, reserved 1048576K
}
Event: 21.971 GC heap after
{Heap after GC invocations=2 (full 0):
 garbage-first heap   total 131072K, used 5036K [0x0000000081c00000, 0x0000000100000000)
  region size 1024K, 5 young (5120K), 5 survivors (5120K)
 Metaspace       used 17363K, capacity 17596K, committed 17664K, reserved 1071104K
  class space    used 1854K, capacity 1986K, committed 2048K, reserved 1048576K
}

Deoptimization events (10 events):
Event: 17.086 Thread 0x0000021a259e9000 Uncommon trap: reason=bimorphic_or_optimized_type_check action=maybe_recompile pc=0x0000021a370ee634 method=java.util.HashMap.getNode(ILjava/lang/Object;)Ljava/util/HashMap$Node; @ 126 c2
Event: 17.095 Thread 0x0000021a259e9000 Uncommon trap: reason=bimorphic_or_optimized_type_check action=maybe_recompile pc=0x0000021a370ee634 method=java.util.HashMap.getNode(ILjava/lang/Object;)Ljava/util/HashMap$Node; @ 126 c2
Event: 17.314 Thread 0x0000021a259e9000 Uncommon trap: reason=unstable_if action=reinterpret pc=0x0000021a370ee55c method=java.util.HashMap.getNode(ILjava/lang/Object;)Ljava/util/HashMap$Node; @ 129 c2
Event: 17.314 Thread 0x0000021a259e9000 Uncommon trap: reason=unstable_if action=reinterpret pc=0x0000021a370eb468 method=java.util.HashMap.getNode(ILjava/lang/Object;)Ljava/util/HashMap$Node; @ 129 c2
Event: 18.584 Thread 0x0000021a259e9000 Uncommon trap: reason=unstable_if action=reinterpret pc=0x0000021a3711ebdc method=java.lang.String.<init>([CIILjava/lang/Void;)V @ 5 c2
Event: 18.898 Thread 0x0000021a259e9000 Uncommon trap: reason=unstable_if action=reinterpret pc=0x0000021a3710d5b4 method=java.lang.String.<init>([CIILjava/lang/Void;)V @ 5 c2
Event: 20.511 Thread 0x0000021a259e9000 Uncommon trap: reason=speculate_class_check action=maybe_recompile pc=0x0000021a3712d188 method=java.lang.reflect.Executable.declaredAnnotations()Ljava/util/Map; @ 23 c2
Event: 20.514 Thread 0x0000021a259e9000 Uncommon trap: reason=speculate_class_check action=maybe_recompile pc=0x0000021a3712d188 method=java.lang.reflect.Executable.declaredAnnotations()Ljava/util/Map; @ 23 c2
Event: 20.555 Thread 0x0000021a259e9000 Uncommon trap: reason=speculate_class_check action=maybe_recompile pc=0x0000021a3712d188 method=java.lang.reflect.Executable.declaredAnnotations()Ljava/util/Map; @ 23 c2
Event: 20.563 Thread 0x0000021a259e9000 Uncommon trap: reason=speculate_class_check action=maybe_recompile pc=0x0000021a3712d188 method=java.lang.reflect.Executable.declaredAnnotations()Ljava/util/Map; @ 23 c2

Classes redefined (0 events):
No events

Internal exceptions (3 events):
Event: 6.282 Thread 0x0000021a259e9000 Exception <a 'java/lang/NoSuchMethodError'{0x000000008974cae8}: java.lang.invoke.DirectMethodHandle$Holder.invokeSpecialIFC(Ljava/lang/Object;Ljava/lang/Object;I)I> (0x000000008974cae8) thrown at [./open/src/hotspot/share/interpreter/linkResolver.cpp, lin
Event: 6.686 Thread 0x0000021a259e9000 Exception <a 'java/lang/NoSuchMethodError'{0x00000000896392e8}: java.lang.invoke.DirectMethodHandle$Holder.invokeStaticInit(Ljava/lang/Object;IIII)Ljava/lang/Object;> (0x00000000896392e8) thrown at [./open/src/hotspot/share/interpreter/linkResolver.cpp, l
Event: 8.057 Thread 0x0000021a259e9000 Exception <a 'java/lang/NoSuchMethodError'{0x00000000895040b0}: java.lang.invoke.DirectMethodHandle$Holder.invokeStaticInit(Ljava/lang/Object;Ljava/lang/Object;IIII)Ljava/lang/Object;> (0x00000000895040b0) thrown at [./open/src/hotspot/share/interpreter/l

Events (10 events):
Event: 21.903 loading class org/eclipse/aether/transfer/MetadataNotFoundException done
Event: 21.904 loading class org/eclipse/aether/transfer/ArtifactNotFoundException
Event: 21.904 loading class org/eclipse/aether/transfer/ArtifactNotFoundException done
Event: 21.906 loading class org/eclipse/aether/impl/UpdateCheck
Event: 21.906 loading class org/eclipse/aether/impl/UpdateCheck done
Event: 21.907 loading class org/eclipse/aether/RepositoryEvent
Event: 21.907 loading class org/eclipse/aether/RepositoryEvent done
Event: 21.909 loading class org/eclipse/aether/installation/InstallRequest
Event: 21.909 loading class org/eclipse/aether/installation/InstallRequest done
Event: 21.909 Executing VM operation: CollectForMetadataAllocation


Dynamic libraries:
0x00007ff694dc0000 - 0x00007ff694dcf000 	D:\Program Files\Java\jdk-11.0.8\bin\java.exe
0x00007ffb73b00000 - 0x00007ffb73cf0000 	C:\WINDOWS\SYSTEM32\ntdll.dll
0x00007ffb73520000 - 0x00007ffb735d2000 	C:\WINDOWS\System32\KERNEL32.DLL
0x00007ffb70da0000 - 0x00007ffb71045000 	C:\WINDOWS\System32\KERNELBASE.dll
0x00007ffb70a80000 - 0x00007ffb70b7a000 	C:\WINDOWS\System32\ucrtbase.dll
0x00007ffb69210000 - 0x00007ffb69228000 	D:\Program Files\Java\jdk-11.0.8\bin\jli.dll
0x00007ffb72520000 - 0x00007ffb725c3000 	C:\WINDOWS\System32\ADVAPI32.dll
0x00007ffb722d0000 - 0x00007ffb7236e000 	C:\WINDOWS\System32\msvcrt.dll
0x00007ffb725d0000 - 0x00007ffb72667000 	C:\WINDOWS\System32\sechost.dll
0x00007ffb721b0000 - 0x00007ffb722d0000 	C:\WINDOWS\System32\RPCRT4.dll
0x00007ffb72370000 - 0x00007ffb72504000 	C:\WINDOWS\System32\USER32.dll
0x00007ffb71250000 - 0x00007ffb71271000 	C:\WINDOWS\System32\win32u.dll
0x00007ffb71d10000 - 0x00007ffb71d36000 	C:\WINDOWS\System32\GDI32.dll
0x00007ffb71a10000 - 0x00007ffb71ba6000 	C:\WINDOWS\System32\gdi32full.dll
0x00007ffb70b80000 - 0x00007ffb70c1e000 	C:\WINDOWS\System32\msvcp_win.dll
0x00007ffb64a10000 - 0x00007ffb64c94000 	C:\WINDOWS\WinSxS\amd64_microsoft.windows.common-controls_6595b64144ccf1df_6.0.18362.1198_none_9e820b57e45ad92f\COMCTL32.dll
0x00007ffb68fb0000 - 0x00007ffb68fc5000 	D:\Program Files\Java\jdk-11.0.8\bin\VCRUNTIME140.dll
0x00007ffb6a650000 - 0x00007ffb6a65a000 	C:\WINDOWS\SYSTEM32\VERSION.dll
0x00007ffb72850000 - 0x00007ffb72b85000 	C:\WINDOWS\System32\combase.dll
0x00007ffb71050000 - 0x00007ffb710d0000 	C:\WINDOWS\System32\bcryptPrimitives.dll
0x00007ffb71fb0000 - 0x00007ffb71fde000 	C:\WINDOWS\System32\IMM32.DLL
0x00007ffb55450000 - 0x00007ffb554eb000 	D:\Program Files\Java\jdk-11.0.8\bin\msvcp140.dll
0x00007ffb1ad60000 - 0x00007ffb1b846000 	D:\Program Files\Java\jdk-11.0.8\bin\server\jvm.dll
0x00007ffb73ab0000 - 0x00007ffb73ab8000 	C:\WINDOWS\System32\PSAPI.DLL
0x00007ffb6e340000 - 0x00007ffb6e364000 	C:\WINDOWS\SYSTEM32\WINMM.dll
0x00007ffb6dec0000 - 0x00007ffb6deed000 	C:\WINDOWS\SYSTEM32\WINMMBASE.dll
0x00007ffb710d0000 - 0x00007ffb7111a000 	C:\WINDOWS\System32\cfgmgr32.dll
0x00007ffb5ca70000 - 0x00007ffb5ca79000 	C:\WINDOWS\SYSTEM32\WSOCK32.dll
0x00007ffb73350000 - 0x00007ffb733bf000 	C:\WINDOWS\System32\WS2_32.dll
0x00007ffb70a60000 - 0x00007ffb70a71000 	C:\WINDOWS\System32\kernel.appcore.dll
0x00007ffb69400000 - 0x00007ffb69410000 	D:\Program Files\Java\jdk-11.0.8\bin\verify.dll
0x00007ffb6f2a0000 - 0x00007ffb6f494000 	C:\WINDOWS\SYSTEM32\DBGHELP.DLL
0x00007ffb58470000 - 0x00007ffb5849a000 	C:\WINDOWS\SYSTEM32\dbgcore.DLL
0x00007ffb67200000 - 0x00007ffb67228000 	D:\Program Files\Java\jdk-11.0.8\bin\java.dll
0x00007ffb68fa0000 - 0x00007ffb68faa000 	D:\Program Files\Java\jdk-11.0.8\bin\jimage.dll
0x00007ffb649c0000 - 0x00007ffb649d6000 	D:\Program Files\Java\jdk-11.0.8\bin\zip.dll
0x00007ffb72c60000 - 0x00007ffb73347000 	C:\WINDOWS\System32\SHELL32.dll
0x00007ffb72670000 - 0x00007ffb72719000 	C:\WINDOWS\System32\shcore.dll
0x00007ffb71280000 - 0x00007ffb71a01000 	C:\WINDOWS\System32\windows.storage.dll
0x00007ffb709e0000 - 0x00007ffb70a03000 	C:\WINDOWS\System32\profapi.dll
0x00007ffb70a10000 - 0x00007ffb70a5a000 	C:\WINDOWS\System32\powrprof.dll
0x00007ffb709b0000 - 0x00007ffb709c0000 	C:\WINDOWS\System32\UMPDC.dll
0x00007ffb73a50000 - 0x00007ffb73aa2000 	C:\WINDOWS\System32\shlwapi.dll
0x00007ffb71230000 - 0x00007ffb71247000 	C:\WINDOWS\System32\cryptsp.dll
0x00007ffb5fa90000 - 0x00007ffb5faa9000 	D:\Program Files\Java\jdk-11.0.8\bin\net.dll
0x00007ffb60110000 - 0x00007ffb60200000 	C:\WINDOWS\SYSTEM32\WINHTTP.dll
0x00007ffb701a0000 - 0x00007ffb70207000 	C:\WINDOWS\system32\mswsock.dll
0x00007ffb5fa70000 - 0x00007ffb5fa82000 	D:\Program Files\Java\jdk-11.0.8\bin\nio.dll
0x00007ffb6fd10000 - 0x00007ffb6fd43000 	C:\WINDOWS\system32\rsaenh.dll
0x00007ffb70d70000 - 0x00007ffb70d96000 	C:\WINDOWS\System32\bcrypt.dll
0x00007ffb708d0000 - 0x00007ffb708f5000 	C:\WINDOWS\SYSTEM32\USERENV.dll
0x00007ffb70370000 - 0x00007ffb7037c000 	C:\WINDOWS\SYSTEM32\CRYPTBASE.dll
0x00007ffb6feb0000 - 0x00007ffb6feea000 	C:\WINDOWS\SYSTEM32\IPHLPAPI.DLL
0x00007ffb71bb0000 - 0x00007ffb71bb8000 	C:\WINDOWS\System32\NSI.dll
0x00007ffb60960000 - 0x00007ffb60976000 	C:\WINDOWS\SYSTEM32\dhcpcsvc6.DLL
0x00007ffb66900000 - 0x00007ffb6691c000 	C:\WINDOWS\SYSTEM32\dhcpcsvc.DLL
0x00007ffb6fef0000 - 0x00007ffb6ffbb000 	C:\WINDOWS\SYSTEM32\DNSAPI.dll
0x00007ffb649a0000 - 0x00007ffb649aa000 	C:\Users\Asus\AppData\Local\Temp\jansi-1.17.1-14301393191848702464.dll
0x00007ffb5fcd0000 - 0x00007ffb5fcda000 	C:\Users\Asus\AppData\Local\Temp\jansi-1.17.1-2569176577913737091.dll

dbghelp: loaded successfully - version: 4.0.5 - missing functions: none
symbol engine: initialized successfully - sym options: 0x614 - pdb path: .;D:\Program Files\Java\jdk-11.0.8\bin;C:\WINDOWS\SYSTEM32;C:\WINDOWS\WinSxS\amd64_microsoft.windows.common-controls_6595b64144ccf1df_6.0.18362.1198_none_9e820b57e45ad92f;D:\Program Files\Java\jdk-11.0.8\bin\server;C:\Users\Asus\AppData\Local\Temp

VM Arguments:
jvm_args: -Dmaven.multiModuleProjectDirectory=d:\Code Stuff\Solo Project\Database Toper\tb-blessing 
java_command: org.apache.maven.wrapper.MavenWrapperMain help:effective-pom -Doutput=c:\Users\Asus\AppData\Roaming\Code\User\workspaceStorage\fb2bf2d982899ae606e6927c64fd71d3\vscjava.vscode-maven\a0172a83cee8312bbeaf92c3d2c8075e -f d:\Code Stuff\Solo Project\Database Toper\tb-blessing\pom.xml
java_class_path (initial): d:\Code Stuff\Solo Project\Database Toper\tb-blessing\.mvn\wrapper\maven-wrapper.jar
Launcher Type: SUN_STANDARD

[Global flags]
     intx CICompilerCount                          = 4                                         {product} {ergonomic}
     uint ConcGCThreads                            = 2                                         {product} {ergonomic}
     uint G1ConcRefinementThreads                  = 8                                         {product} {ergonomic}
   size_t G1HeapRegionSize                         = 1048576                                   {product} {ergonomic}
    uintx GCDrainStackTargetSize                   = 64                                        {product} {ergonomic}
   size_t InitialHeapSize                          = 134217728                                 {product} {ergonomic}
   size_t MarkStackSize                            = 4194304                                   {product} {ergonomic}
   size_t MaxHeapSize                              = 2118123520                                {product} {ergonomic}
   size_t MaxNewSize                               = 1270874112                                {product} {ergonomic}
   size_t MinHeapDeltaBytes                        = 1048576                                   {product} {ergonomic}
    uintx NonNMethodCodeHeapSize                   = 5836300                                {pd product} {ergonomic}
    uintx NonProfiledCodeHeapSize                  = 122910970                              {pd product} {ergonomic}
    uintx ProfiledCodeHeapSize                     = 122910970                              {pd product} {ergonomic}
    uintx ReservedCodeCacheSize                    = 251658240                              {pd product} {ergonomic}
     bool SegmentedCodeCache                       = true                                      {product} {ergonomic}
     bool UseCompressedClassPointers               = true                                 {lp64_product} {ergonomic}
     bool UseCompressedOops                        = true                                 {lp64_product} {ergonomic}
     bool UseG1GC                                  = true                                      {product} {ergonomic}
     bool UseLargePagesIndividualAllocation        = false                                  {pd product} {ergonomic}

Logging:
Log output configuration:
 #0: stdout all=warning uptime,level,tags
 #1: stderr all=off uptime,level,tags

Environment Variables:
JAVA_HOME=D:\Program Files\Java\jdk-11.0.8
PATH=C:\Program Files (x86)\Common Files\Oracle\Java\javapath;C:\ProgramData\Oracle\Java\javapath;D:\Program Files\Python39\Scripts\;D:\Program Files\Python39\;c:\windows\system32;c:\windows;c:\windows\system32\wbem;c:\windows\system32\windowspowershell\v1.0\;c:\windows\system32;c:\windows;c:\windows\system32\wbem;c:\windows\system32\windowspowershell\v1.0\;c:\windows\system32\openssh\;D:\Program Files\Git\cmd;D:\Program Files\Java\jdk-11.0.8\bin;D:\Program Files\Microsoft VS Code\bin;D:\Program Files\spring-2.3.4.RELEASE\bin;C:\Users\Asus\AppData\Local\Microsoft\WindowsApps;D:\Program Files\heroku\bin;D:\Program Files\spring-2.3.4.RELEASE\bin;D:\Program Files\Python39;
USERNAME=Asus
OS=Windows_NT
PROCESSOR_IDENTIFIER=Intel64 Family 6 Model 142 Stepping 10, GenuineIntel



---------------  S Y S T E M  ---------------

OS: Windows 10 , 64 bit Build 18362 (10.0.18362.1110)

CPU:total 8 (initial active 8) (4 cores per cpu, 2 threads per core) family 6 model 142 stepping 10, cmov, cx8, fxsr, mmx, sse, sse2, sse3, ssse3, sse4.1, sse4.2, popcnt, avx, avx2, aes, clmul, erms, 3dnowpref, lzcnt, ht, tsc, tscinvbit, bmi1, bmi2, adx, fma

Memory: 4k page, system-wide physical 8075M (518M free)
TotalPageFile size 23203M (AvailPageFile size 261M)
current process WorkingSet (physical memory assigned to process): 94M, peak: 94M
current process commit charge ("private bytes"): 232M, peak: 233M

vm_info: Java HotSpot(TM) 64-Bit Server VM (11.0.8+10-LTS) for windows-amd64 JRE (11.0.8+10-LTS), built on Jun 16 2020 05:53:08 by "mach5one" with unknown MS VC++:1916

END.
