#
# There is insufficient memory for the Java Runtime Environment to continue.
# Native memory allocation (malloc) failed to allocate 32744 bytes for ChunkPool::allocate
# Possible reasons:
#   The system is out of physical RAM or swap space
#   The process is running with CompressedOops enabled, and the Java Heap may be blocking the growth of the native heap
# Possible solutions:
#   Reduce memory load on the system
#   Increase physical memory or swap space
#   Check if swap backing store is full
#   Decrease Java heap size (-Xmx/-Xms)
#   Decrease number of Java threads
#   Decrease Java thread stack sizes (-Xss)
#   Set larger code cache with -XX:ReservedCodeCacheSize=
#   JVM is running with Unscaled Compressed Oops mode in which the Java heap is
#     placed in the first 4GB address space. The Java Heap base address is the
#     maximum limit for the native heap growth. Please use -XX:HeapBaseMinAddress
#     to set the Java Heap base and to place the Java Heap above 4GB virtual address.
# This output file may be truncated or incomplete.
#
#  Out of Memory Error (./open/src/hotspot/share/memory/arena.cpp:81), pid=6844, tid=4320
#
# JRE version: Java(TM) SE Runtime Environment 18.9 (11.0.8+10) (build 11.0.8+10-LTS)
# Java VM: Java HotSpot(TM) 64-Bit Server VM 18.9 (11.0.8+10-LTS, mixed mode, tiered, compressed oops, parallel gc, windows-amd64)
# No core dump will be written. Minidumps are not enabled by default on client versions of Windows
#

---------------  S U M M A R Y ------------

Command Line: --add-modules=ALL-SYSTEM --add-opens=java.base/java.util=ALL-UNNAMED --add-opens=java.base/java.lang=ALL-UNNAMED -Declipse.application=org.eclipse.jdt.ls.core.id1 -Dosgi.bundles.defaultStartLevel=4 -Declipse.product=org.eclipse.jdt.ls.core.product -Dfile.encoding=utf8 -DwatchParentProcess=false -XX:+UseParallelGC -XX:GCTimeRatio=4 -XX:AdaptiveSizePolicyWeight=90 -Dsun.zip.disableMemoryMapping=true -Xmx1G -Xms100m -Xverify:none c:\Users\Asus\.vscode\extensions\redhat.java-0.71.0\server\plugins\org.eclipse.equinox.launcher_1.6.0.v20200915-1508.jar -configuration c:\Users\Asus\AppData\Roaming\Code\User\globalStorage\redhat.java\0.71.0\config_ss_win -data c:\Users\Asus\AppData\Roaming\Code\User\workspaceStorage\fb2bf2d982899ae606e6927c64fd71d3\redhat.java\ss_ws

Host: Intel(R) Core(TM) i5-8250U CPU @ 1.60GHz, 8 cores, 7G,  Windows 10 , 64 bit Build 18362 (10.0.18362.1110)
Time: Wed Nov 25 09:48:22 2020 SE Asia Standard Time elapsed time: 22 seconds (0d 0h 0m 22s)

---------------  T H R E A D  ---------------

Current thread (0x0000027e554e9000):  JavaThread "C2 CompilerThread0" daemon [_thread_in_native, id=4320, stack(0x0000008497d00000,0x0000008497e00000)]


Current CompileTask:
C2:  22154 1898   !   4       java.util.jar.Attributes::read (388 bytes)

Stack: [0x0000008497d00000,0x0000008497e00000]
Native frames: (J=compiled Java code, j=interpreted, Vv=VM code, C=native code)
V  [jvm.dll+0x601aea]
V  [jvm.dll+0x737fef]
V  [jvm.dll+0x739675]
V  [jvm.dll+0x739cf3]
V  [jvm.dll+0x242848]
V  [jvm.dll+0xb9bcb]
V  [jvm.dll+0xb9f2c]
V  [jvm.dll+0xb9a7d]
V  [jvm.dll+0x5e0f02]
V  [jvm.dll+0x323a20]
V  [jvm.dll+0x32b502]
V  [jvm.dll+0x61356a]
V  [jvm.dll+0x1809cc]
V  [jvm.dll+0x2b1f46]
V  [jvm.dll+0x61e368]
V  [jvm.dll+0x6160df]
V  [jvm.dll+0x61571e]
V  [jvm.dll+0x61358e]
V  [jvm.dll+0x1809cc]
V  [jvm.dll+0x1fb131]
V  [jvm.dll+0x17e0fc]
V  [jvm.dll+0x20aaa4]
V  [jvm.dll+0x208b7b]
V  [jvm.dll+0x6ff90c]
V  [jvm.dll+0x6f845c]
V  [jvm.dll+0x600d66]
C  [ucrtbase.dll+0x210b2]
C  [KERNEL32.DLL+0x17c24]
C  [ntdll.dll+0x6d4d1]


---------------  P R O C E S S  ---------------

Threads class SMR info:
_java_thread_list=0x0000027e586dd3d0, length=17, elements={
0x0000027e3979c800, 0x0000027e39864000, 0x0000027e554cd000, 0x0000027e56594800,
0x0000027e56595800, 0x0000027e554e9000, 0x0000027e554eb800, 0x0000027e56543000,
0x0000027e566e2000, 0x0000027e56869800, 0x0000027e5856d800, 0x0000027e576e7000,
0x0000027e5869d000, 0x0000027e57d41800, 0x0000027e566cd800, 0x0000027e56812800,
0x0000027e57dcc800
}

Java Threads: ( => current thread )
  0x0000027e3979c800 JavaThread "main" [_thread_blocked, id=13564, stack(0x0000008497600000,0x0000008497700000)]
  0x0000027e39864000 JavaThread "Reference Handler" daemon [_thread_blocked, id=13352, stack(0x0000008497900000,0x0000008497a00000)]
  0x0000027e554cd000 JavaThread "Finalizer" daemon [_thread_blocked, id=15044, stack(0x0000008497a00000,0x0000008497b00000)]
  0x0000027e56594800 JavaThread "Signal Dispatcher" daemon [_thread_blocked, id=11104, stack(0x0000008497b00000,0x0000008497c00000)]
  0x0000027e56595800 JavaThread "Attach Listener" daemon [_thread_blocked, id=16120, stack(0x0000008497c00000,0x0000008497d00000)]
=>0x0000027e554e9000 JavaThread "C2 CompilerThread0" daemon [_thread_in_native, id=4320, stack(0x0000008497d00000,0x0000008497e00000)]
  0x0000027e554eb800 JavaThread "C1 CompilerThread0" daemon [_thread_in_vm, id=14404, stack(0x0000008497e00000,0x0000008497f00000)]
  0x0000027e56543000 JavaThread "Sweeper thread" daemon [_thread_blocked, id=2496, stack(0x0000008497f00000,0x0000008498000000)]
  0x0000027e566e2000 JavaThread "Common-Cleaner" daemon [_thread_blocked, id=11844, stack(0x0000008498000000,0x0000008498100000)]
  0x0000027e56869800 JavaThread "Service Thread" daemon [_thread_blocked, id=532, stack(0x0000008498200000,0x0000008498300000)]
  0x0000027e5856d800 JavaThread "Active Thread: Equinox Container: 8ee440c4-4f9f-4a3d-9266-cc208cd07191" [_thread_blocked, id=3500, stack(0x0000008498100000,0x0000008498200000)]
  0x0000027e576e7000 JavaThread "Framework Event Dispatcher: Equinox Container: 8ee440c4-4f9f-4a3d-9266-cc208cd07191" daemon [_thread_blocked, id=4056, stack(0x0000008498400000,0x0000008498500000)]
  0x0000027e5869d000 JavaThread "Start Level: Equinox Container: 8ee440c4-4f9f-4a3d-9266-cc208cd07191" daemon [_thread_in_vm, id=13648, stack(0x0000008498500000,0x0000008498600000)]
  0x0000027e57d41800 JavaThread "SCR Component Actor" daemon [_thread_blocked, id=8900, stack(0x0000008498600000,0x0000008498700000)]
  0x0000027e566cd800 JavaThread "Timer-0" daemon [_thread_blocked, id=16756, stack(0x0000008498a00000,0x0000008498b00000)]
  0x0000027e56812800 JavaThread "Worker-JM" [_thread_blocked, id=14800, stack(0x0000008498b00000,0x0000008498c00000)]
  0x0000027e57dcc800 JavaThread "Worker-0" [_thread_blocked, id=17152, stack(0x0000008498c00000,0x0000008498d00000)]

Other Threads:
  0x0000027e56542000 VMThread "VM Thread" [stack: 0x0000008497800000,0x0000008497900000] [id=3196]
  0x0000027e5686c800 WatcherThread [stack: 0x0000008498300000,0x0000008498400000] [id=6440]
  0x0000027e397af800 GCTaskThread "ParGC Thread#0" [stack: 0x0000008497700000,0x0000008497800000] [id=14868]
  0x0000027e57d42800 GCTaskThread "ParGC Thread#1" [stack: 0x0000008498700000,0x0000008498800000] [id=2832]
  0x0000027e57ac1000 GCTaskThread "ParGC Thread#2" [stack: 0x0000008498800000,0x0000008498900000] [id=6456]
  0x0000027e57ac2000 GCTaskThread "ParGC Thread#3" [stack: 0x0000008498900000,0x0000008498a00000] [id=11196]

Threads with active compile tasks:
C2 CompilerThread0  22694 1898   !   4       java.util.jar.Attributes::read (388 bytes)
C1 CompilerThread0  22695 1905       3       java.util.HashSet::contains (9 bytes)

VM state:synchronizing (normal execution)

VM Mutex/Monitor currently owned by a thread:  ([mutex/lock_event])
[0x0000027e3979c050] Threads_lock - owner thread: 0x0000027e56542000

Heap address: 0x00000000c0000000, size: 1024 MB, Compressed Oops mode: 32-bit
Narrow klass base: 0x0000000000000000, Narrow klass shift: 3
Compressed class space size: 1073741824 Address: 0x0000000100000000

Heap:
 PSYoungGen      total 29696K, used 18861K [0x00000000eab00000, 0x00000000ecc00000, 0x0000000100000000)
  eden space 25600K, 58% used [0x00000000eab00000,0x00000000eb9ac110,0x00000000ec400000)
  from space 4096K, 93% used [0x00000000ec400000,0x00000000ec7bf698,0x00000000ec800000)
  to   space 4096K, 0% used [0x00000000ec800000,0x00000000ec800000,0x00000000ecc00000)
 ParOldGen       total 68608K, used 16K [0x00000000c0000000, 0x00000000c4300000, 0x00000000eab00000)
  object space 68608K, 0% used [0x00000000c0000000,0x00000000c0004000,0x00000000c4300000)
 Metaspace       used 20149K, capacity 21143K, committed 21248K, reserved 1073152K
  class space    used 1899K, capacity 2243K, committed 2304K, reserved 1048576K

Card table byte_map: [0x0000027e52580000,0x0000027e52790000] _byte_map_base: 0x0000027e51f80000

Marking Bits: (ParMarkBitMap*) 0x00007ffb1b78e2a0
 Begin Bits: [0x0000027e528f0000, 0x0000027e538f0000)
 End Bits:   [0x0000027e538f0000, 0x0000027e548f0000)

Polling page: 0x0000027e39870000

Metaspace:

Usage:
  Non-class:     18.46 MB capacity,    17.82 MB ( 97%) used,   614.99 KB (  3%) free+waste,    35.63 KB ( <1%) overhead. 
      Class:      2.19 MB capacity,     1.86 MB ( 85%) used,   325.79 KB ( 15%) free+waste,    17.38 KB ( <1%) overhead. 
       Both:     20.65 MB capacity,    19.68 MB ( 95%) used,   940.78 KB (  4%) free+waste,    53.00 KB ( <1%) overhead. 

Virtual space:
  Non-class space:       24.00 MB reserved,      18.50 MB ( 77%) committed 
      Class space:        1.00 GB reserved,       2.25 MB ( <1%) committed 
             Both:        1.02 GB reserved,      20.75 MB (  2%) committed 

Chunk freelists:
   Non-Class:  5.50 KB
       Class:  128 bytes
        Both:  5.63 KB

CodeHeap 'non-profiled nmethods': size=120000Kb used=607Kb max_used=607Kb free=119393Kb
 bounds [0x0000027e4ae70000, 0x0000027e4b0e0000, 0x0000027e523a0000]
CodeHeap 'profiled nmethods': size=120000Kb used=3904Kb max_used=3904Kb free=116096Kb
 bounds [0x0000027e43940000, 0x0000027e43d10000, 0x0000027e4ae70000]
CodeHeap 'non-nmethods': size=5760Kb used=1122Kb max_used=1136Kb free=4637Kb
 bounds [0x0000027e433a0000, 0x0000027e43610000, 0x0000027e43940000]
 total_blobs=2329 nmethods=1893 adapters=349
 compilation: enabled
              stopped_count=0, restarted_count=0
 full_count=0

Compilation events (10 events):
Event: 21.759 Thread 0x0000027e554eb800 nmethod 1893 0x0000027e43d0e910 code [0x0000027e43d0eac0, 0x0000027e43d0ed90]
Event: 21.759 Thread 0x0000027e554eb800 1894       3       java.lang.CharacterDataLatin1::digit (32 bytes)
Event: 21.759 Thread 0x0000027e554eb800 nmethod 1894 0x0000027e43d0ee10 code [0x0000027e43d0efc0, 0x0000027e43d0f258]
Event: 21.759 Thread 0x0000027e554e9000 1895       4       java.lang.StringLatin1::toLowerCase (180 bytes)
Event: 21.775 Thread 0x0000027e554eb800 1899       1       org.eclipse.osgi.storage.BundleInfo::getStorage (5 bytes)
Event: 21.775 Thread 0x0000027e554eb800 nmethod 1899 0x0000027e4af06b10 code [0x0000027e4af06ca0, 0x0000027e4af06db8]
Event: 21.780 Thread 0x0000027e554e9000 nmethod 1895 0x0000027e4af06e10 code [0x0000027e4af06fe0, 0x0000027e4af07818]
Event: 21.780 Thread 0x0000027e554e9000 1898   !   4       java.util.jar.Attributes::read (388 bytes)
Event: 21.787 Thread 0x0000027e554eb800 1902       3       org.eclipse.osgi.internal.weaving.WovenClassImpl::<init> (80 bytes)
Event: 21.788 Thread 0x0000027e554eb800 nmethod 1902 0x0000027e43d0f390 code [0x0000027e43d0f580, 0x0000027e43d0fd50]

GC Heap History (2 events):
Event: 11.872 GC heap before
{Heap before GC invocations=1 (full 0):
 PSYoungGen      total 29696K, used 25600K [0x00000000eab00000, 0x00000000ecc00000, 0x0000000100000000)
  eden space 25600K, 100% used [0x00000000eab00000,0x00000000ec400000,0x00000000ec400000)
  from space 4096K, 0% used [0x00000000ec800000,0x00000000ec800000,0x00000000ecc00000)
  to   space 4096K, 0% used [0x00000000ec400000,0x00000000ec400000,0x00000000ec800000)
 ParOldGen       total 68608K, used 0K [0x00000000c0000000, 0x00000000c4300000, 0x00000000eab00000)
  object space 68608K, 0% used [0x00000000c0000000,0x00000000c0000000,0x00000000c4300000)
 Metaspace       used 13411K, capacity 13786K, committed 13952K, reserved 1062912K
  class space    used 1234K, capacity 1337K, committed 1408K, reserved 1048576K
}
Event: 12.268 GC heap after
{Heap after GC invocations=1 (full 0):
 PSYoungGen      total 29696K, used 3837K [0x00000000eab00000, 0x00000000ecc00000, 0x0000000100000000)
  eden space 25600K, 0% used [0x00000000eab00000,0x00000000eab00000,0x00000000ec400000)
  from space 4096K, 93% used [0x00000000ec400000,0x00000000ec7bf698,0x00000000ec800000)
  to   space 4096K, 0% used [0x00000000ec800000,0x00000000ec800000,0x00000000ecc00000)
 ParOldGen       total 68608K, used 16K [0x00000000c0000000, 0x00000000c4300000, 0x00000000eab00000)
  object space 68608K, 0% used [0x00000000c0000000,0x00000000c0004000,0x00000000c4300000)
 Metaspace       used 13411K, capacity 13786K, committed 13952K, reserved 1062912K
  class space    used 1234K, capacity 1337K, committed 1408K, reserved 1048576K
}

Deoptimization events (10 events):
Event: 19.580 Thread 0x0000027e5869d000 Uncommon trap: reason=bimorphic_or_optimized_type_check action=maybe_recompile pc=0x0000027e4aef2f70 method=java.io.DataInputStream.readByte()B @ 4 c2
Event: 19.580 Thread 0x0000027e5869d000 Uncommon trap: reason=bimorphic_or_optimized_type_check action=maybe_recompile pc=0x0000027e4aef2f70 method=java.io.DataInputStream.readByte()B @ 4 c2
Event: 19.580 Thread 0x0000027e5869d000 Uncommon trap: reason=bimorphic_or_optimized_type_check action=maybe_recompile pc=0x0000027e4aef2f70 method=java.io.DataInputStream.readByte()B @ 4 c2
Event: 20.033 Thread 0x0000027e5869d000 Uncommon trap: reason=unstable_if action=reinterpret pc=0x0000027e4ae88ed4 method=java.lang.StringLatin1.canEncode(I)Z @ 4 c2
Event: 20.033 Thread 0x0000027e5869d000 Uncommon trap: reason=unstable_if action=reinterpret pc=0x0000027e4ae89fb0 method=java.lang.AbstractStringBuilder.isLatin1()Z @ 10 c2
Event: 21.010 Thread 0x0000027e5869d000 Uncommon trap: reason=bimorphic_or_optimized_type_check action=maybe_recompile pc=0x0000027e4aef0dec method=java.io.DataInputStream.readUnsignedShort()I @ 4 c2
Event: 21.013 Thread 0x0000027e5869d000 Uncommon trap: reason=bimorphic_or_optimized_type_check action=maybe_recompile pc=0x0000027e4aef0dec method=java.io.DataInputStream.readUnsignedShort()I @ 4 c2
Event: 21.013 Thread 0x0000027e5869d000 Uncommon trap: reason=bimorphic_or_optimized_type_check action=maybe_recompile pc=0x0000027e4aef0dec method=java.io.DataInputStream.readUnsignedShort()I @ 4 c2
Event: 21.014 Thread 0x0000027e5869d000 Uncommon trap: reason=bimorphic_or_optimized_type_check action=maybe_recompile pc=0x0000027e4aef0dec method=java.io.DataInputStream.readUnsignedShort()I @ 4 c2
Event: 21.065 Thread 0x0000027e5869d000 Uncommon trap: reason=class_check action=maybe_recompile pc=0x0000027e4aec6e34 method=java.util.HashMap.putVal(ILjava/lang/Object;Ljava/lang/Object;ZZ)Ljava/lang/Object; @ 253 c2

Classes redefined (0 events):
No events

Internal exceptions (10 events):
Event: 12.734 Thread 0x0000027e5869d000 Exception <a 'java/lang/NoSuchMethodError'{0x00000000eaceb4f0}: java.lang.invoke.DirectMethodHandle$Holder.invokeStatic(Ljava/lang/Object;Ljava/lang/Object;Ljava/lang/Object;Ljava/lang/Object;Ljava/lang/Object;Ljava/lang/Object;Ljava/lang/Object;Ljava/lan
Event: 12.738 Thread 0x0000027e5869d000 Exception <a 'java/lang/NoSuchMethodError'{0x00000000eacf94f8}: java.lang.invoke.DirectMethodHandle$Holder.invokeStatic(Ljava/lang/Object;Ljava/lang/Object;Ljava/lang/Object;Ljava/lang/Object;Ljava/lang/Object;Ljava/lang/Object;Ljava/lang/Object;Ljava/lan
Event: 12.742 Thread 0x0000027e5869d000 Exception <a 'java/lang/NoSuchMethodError'{0x00000000ead07d08}: java.lang.invoke.DirectMethodHandle$Holder.invokeSpecial(Ljava/lang/Object;Ljava/lang/Object;IILjava/lang/Object;Ljava/lang/Object;Ljava/lang/Object;)Ljava/lang/Object;> (0x00000000ead07d08) 
Event: 12.742 Thread 0x0000027e5869d000 Exception <a 'java/lang/NoSuchMethodError'{0x00000000ead0b538}: java.lang.invoke.DelegatingMethodHandle$Holder.reinvoke_L(Ljava/lang/Object;IILjava/lang/Object;Ljava/lang/Object;Ljava/lang/Object;)Ljava/lang/Object;> (0x00000000ead0b538) thrown at [./open
Event: 12.743 Thread 0x0000027e5869d000 Exception <a 'java/lang/NoSuchMethodError'{0x00000000ead0f8b8}: java.lang.invoke.DirectMethodHandle$Holder.invokeStatic(Ljava/lang/Object;Ljava/lang/Object;Ljava/lang/Object;Ljava/lang/Object;I)Ljava/lang/Object;> (0x00000000ead0f8b8) thrown at [./open/sr
Event: 18.286 Thread 0x0000027e5869d000 Exception <a 'java/io/FileNotFoundException'{0x00000000eb00f578}> (0x00000000eb00f578) thrown at [./open/src/hotspot/share/prims/jni.cpp, line 611]
Event: 18.930 Thread 0x0000027e5869d000 Implicit null exception at 0x0000027e4ae9c040 to 0x0000027e4aea0562
Event: 18.930 Thread 0x0000027e5869d000 Implicit null exception at 0x0000027e4aece94e to 0x0000027e4aecfbc6
Event: 20.961 Thread 0x0000027e5869d000 Exception <a 'java/io/FileNotFoundException'{0x00000000eb531848}> (0x00000000eb531848) thrown at [./open/src/hotspot/share/prims/jni.cpp, line 611]
Event: 21.307 Thread 0x0000027e5869d000 Exception <a 'java/lang/NoSuchMethodError'{0x00000000eb80cb28}: java.lang.invoke.DirectMethodHandle$Holder.invokeStaticInit(Ljava/lang/Object;Ljava/lang/Object;Ljava/lang/Object;)I> (0x00000000eb80cb28) thrown at [./open/src/hotspot/share/interpreter/link

Events (10 events):
Event: 21.753 loading class java/lang/ProcessEnvironment$EntryComparator
Event: 21.753 loading class java/lang/ProcessEnvironment$EntryComparator done
Event: 21.754 loading class java/lang/ProcessEnvironment$CheckedEntrySet
Event: 21.754 loading class java/lang/ProcessEnvironment$CheckedEntrySet done
Event: 21.754 loading class java/lang/ProcessEnvironment$CheckedEntrySet$1
Event: 21.754 loading class java/lang/ProcessEnvironment$CheckedEntrySet$1 done
Event: 21.754 loading class java/lang/ProcessEnvironment$CheckedEntry
Event: 21.754 Executing VM operation: CollectForMetadataAllocation
Event: 21.755 Executing VM operation: CollectForMetadataAllocation done
Event: 21.755 loading class java/lang/ProcessEnvironment$CheckedEntry done


Dynamic libraries:
0x00007ff694dc0000 - 0x00007ff694dcf000 	D:\Program Files\Java\jdk-11.0.8\bin\java.exe
0x00007ffb73b00000 - 0x00007ffb73cf0000 	C:\WINDOWS\SYSTEM32\ntdll.dll
0x00007ffb73520000 - 0x00007ffb735d2000 	C:\WINDOWS\System32\KERNEL32.DLL
0x00007ffb70da0000 - 0x00007ffb71045000 	C:\WINDOWS\System32\KERNELBASE.dll
0x00007ffb70a80000 - 0x00007ffb70b7a000 	C:\WINDOWS\System32\ucrtbase.dll
0x00007ffb69210000 - 0x00007ffb69228000 	D:\Program Files\Java\jdk-11.0.8\bin\jli.dll
0x00007ffb68fb0000 - 0x00007ffb68fc5000 	D:\Program Files\Java\jdk-11.0.8\bin\VCRUNTIME140.dll
0x00007ffb72520000 - 0x00007ffb725c3000 	C:\WINDOWS\System32\ADVAPI32.dll
0x00007ffb722d0000 - 0x00007ffb7236e000 	C:\WINDOWS\System32\msvcrt.dll
0x00007ffb725d0000 - 0x00007ffb72667000 	C:\WINDOWS\System32\sechost.dll
0x00007ffb721b0000 - 0x00007ffb722d0000 	C:\WINDOWS\System32\RPCRT4.dll
0x00007ffb72370000 - 0x00007ffb72504000 	C:\WINDOWS\System32\USER32.dll
0x00007ffb71250000 - 0x00007ffb71271000 	C:\WINDOWS\System32\win32u.dll
0x00007ffb64a10000 - 0x00007ffb64c94000 	C:\WINDOWS\WinSxS\amd64_microsoft.windows.common-controls_6595b64144ccf1df_6.0.18362.1198_none_9e820b57e45ad92f\COMCTL32.dll
0x00007ffb71d10000 - 0x00007ffb71d36000 	C:\WINDOWS\System32\GDI32.dll
0x00007ffb71a10000 - 0x00007ffb71ba6000 	C:\WINDOWS\System32\gdi32full.dll
0x00007ffb72850000 - 0x00007ffb72b85000 	C:\WINDOWS\System32\combase.dll
0x00007ffb70b80000 - 0x00007ffb70c1e000 	C:\WINDOWS\System32\msvcp_win.dll
0x00007ffb71050000 - 0x00007ffb710d0000 	C:\WINDOWS\System32\bcryptPrimitives.dll
0x00007ffb6a650000 - 0x00007ffb6a65a000 	C:\WINDOWS\SYSTEM32\VERSION.dll
0x00007ffb71fb0000 - 0x00007ffb71fde000 	C:\WINDOWS\System32\IMM32.DLL
0x00007ffb55450000 - 0x00007ffb554eb000 	D:\Program Files\Java\jdk-11.0.8\bin\msvcp140.dll
0x00007ffb1ad60000 - 0x00007ffb1b846000 	D:\Program Files\Java\jdk-11.0.8\bin\server\jvm.dll
0x00007ffb73ab0000 - 0x00007ffb73ab8000 	C:\WINDOWS\System32\PSAPI.DLL
0x00007ffb6e340000 - 0x00007ffb6e364000 	C:\WINDOWS\SYSTEM32\WINMM.dll
0x00007ffb5ca70000 - 0x00007ffb5ca79000 	C:\WINDOWS\SYSTEM32\WSOCK32.dll
0x00007ffb6dec0000 - 0x00007ffb6deed000 	C:\WINDOWS\SYSTEM32\WINMMBASE.dll
0x00007ffb710d0000 - 0x00007ffb7111a000 	C:\WINDOWS\System32\cfgmgr32.dll
0x00007ffb73350000 - 0x00007ffb733bf000 	C:\WINDOWS\System32\WS2_32.dll
0x00007ffb70a60000 - 0x00007ffb70a71000 	C:\WINDOWS\System32\kernel.appcore.dll
0x00007ffb69400000 - 0x00007ffb69410000 	D:\Program Files\Java\jdk-11.0.8\bin\verify.dll
0x00007ffb6f2a0000 - 0x00007ffb6f494000 	C:\WINDOWS\SYSTEM32\DBGHELP.DLL
0x00007ffb58470000 - 0x00007ffb5849a000 	C:\WINDOWS\SYSTEM32\dbgcore.DLL
0x00007ffb67200000 - 0x00007ffb67228000 	D:\Program Files\Java\jdk-11.0.8\bin\java.dll
0x00007ffb68fa0000 - 0x00007ffb68faa000 	D:\Program Files\Java\jdk-11.0.8\bin\jimage.dll
0x00007ffb649c0000 - 0x00007ffb649d6000 	D:\Program Files\Java\jdk-11.0.8\bin\zip.dll
0x00007ffb72c60000 - 0x00007ffb73347000 	C:\WINDOWS\System32\SHELL32.dll
0x00007ffb72670000 - 0x00007ffb72719000 	C:\WINDOWS\System32\shcore.dll
0x00007ffb71280000 - 0x00007ffb71a01000 	C:\WINDOWS\System32\windows.storage.dll
0x00007ffb709e0000 - 0x00007ffb70a03000 	C:\WINDOWS\System32\profapi.dll
0x00007ffb70a10000 - 0x00007ffb70a5a000 	C:\WINDOWS\System32\powrprof.dll
0x00007ffb709b0000 - 0x00007ffb709c0000 	C:\WINDOWS\System32\UMPDC.dll
0x00007ffb73a50000 - 0x00007ffb73aa2000 	C:\WINDOWS\System32\shlwapi.dll
0x00007ffb71230000 - 0x00007ffb71247000 	C:\WINDOWS\System32\cryptsp.dll
0x00007ffb5fa90000 - 0x00007ffb5faa9000 	D:\Program Files\Java\jdk-11.0.8\bin\net.dll
0x00007ffb60110000 - 0x00007ffb60200000 	C:\WINDOWS\SYSTEM32\WINHTTP.dll
0x00007ffb701a0000 - 0x00007ffb70207000 	C:\WINDOWS\system32\mswsock.dll
0x00007ffb5fa70000 - 0x00007ffb5fa82000 	D:\Program Files\Java\jdk-11.0.8\bin\nio.dll
0x00007ffb6fd10000 - 0x00007ffb6fd43000 	C:\WINDOWS\system32\rsaenh.dll
0x00007ffb70d70000 - 0x00007ffb70d96000 	C:\WINDOWS\System32\bcrypt.dll
0x00007ffb708d0000 - 0x00007ffb708f5000 	C:\WINDOWS\SYSTEM32\USERENV.dll
0x00007ffb70370000 - 0x00007ffb7037c000 	C:\WINDOWS\SYSTEM32\CRYPTBASE.dll
0x00007ffb6feb0000 - 0x00007ffb6feea000 	C:\WINDOWS\SYSTEM32\IPHLPAPI.DLL
0x00007ffb71bb0000 - 0x00007ffb71bb8000 	C:\WINDOWS\System32\NSI.dll
0x00007ffb60960000 - 0x00007ffb60976000 	C:\WINDOWS\SYSTEM32\dhcpcsvc6.DLL
0x00007ffb66900000 - 0x00007ffb6691c000 	C:\WINDOWS\SYSTEM32\dhcpcsvc.DLL
0x00007ffb6fef0000 - 0x00007ffb6ffbb000 	C:\WINDOWS\SYSTEM32\DNSAPI.dll
0x00007ffb5fa40000 - 0x00007ffb5fa6a000 	C:\Users\Asus\AppData\Roaming\Code\User\globalStorage\redhat.java\0.71.0\config_ss_win\org.eclipse.equinox.launcher\org.eclipse.equinox.launcher.win32.win32.x86_64_1.2.0.v20200915-1442\eclipse_11100.dll

dbghelp: loaded successfully - version: 4.0.5 - missing functions: none
symbol engine: initialized successfully - sym options: 0x614 - pdb path: .;D:\Program Files\Java\jdk-11.0.8\bin;C:\WINDOWS\SYSTEM32;C:\WINDOWS\WinSxS\amd64_microsoft.windows.common-controls_6595b64144ccf1df_6.0.18362.1198_none_9e820b57e45ad92f;D:\Program Files\Java\jdk-11.0.8\bin\server;C:\Users\Asus\AppData\Roaming\Code\User\globalStorage\redhat.java\0.71.0\config_ss_win\org.eclipse.equinox.launcher\org.eclipse.equinox.launcher.win32.win32.x86_64_1.2.0.v20200915-1442

VM Arguments:
jvm_args: --add-modules=ALL-SYSTEM --add-opens=java.base/java.util=ALL-UNNAMED --add-opens=java.base/java.lang=ALL-UNNAMED -Declipse.application=org.eclipse.jdt.ls.core.id1 -Dosgi.bundles.defaultStartLevel=4 -Declipse.product=org.eclipse.jdt.ls.core.product -Dfile.encoding=utf8 -DwatchParentProcess=false -XX:+UseParallelGC -XX:GCTimeRatio=4 -XX:AdaptiveSizePolicyWeight=90 -Dsun.zip.disableMemoryMapping=true -Xmx1G -Xms100m -Xverify:none 
java_command: c:\Users\Asus\.vscode\extensions\redhat.java-0.71.0\server\plugins\org.eclipse.equinox.launcher_1.6.0.v20200915-1508.jar -configuration c:\Users\Asus\AppData\Roaming\Code\User\globalStorage\redhat.java\0.71.0\config_ss_win -data c:\Users\Asus\AppData\Roaming\Code\User\workspaceStorage\fb2bf2d982899ae606e6927c64fd71d3\redhat.java\ss_ws
java_class_path (initial): c:\Users\Asus\.vscode\extensions\redhat.java-0.71.0\server\plugins\org.eclipse.equinox.launcher_1.6.0.v20200915-1508.jar
Launcher Type: SUN_STANDARD

[Global flags]
    uintx AdaptiveSizePolicyWeight                 = 90                                        {product} {command line}
     bool BytecodeVerificationLocal                = false                                     {product} {command line}
     bool BytecodeVerificationRemote               = false                                     {product} {command line}
     intx CICompilerCount                          = 4                                         {product} {ergonomic}
    uintx GCTimeRatio                              = 4                                         {product} {command line}
   size_t InitialHeapSize                          = 104857600                                 {product} {command line}
   size_t MaxHeapSize                              = 1073741824                                {product} {command line}
   size_t MaxNewSize                               = 357564416                                 {product} {ergonomic}
   size_t MinHeapDeltaBytes                        = 524288                                    {product} {ergonomic}
   size_t NewSize                                  = 34603008                                  {product} {ergonomic}
    uintx NonNMethodCodeHeapSize                   = 5836300                                {pd product} {ergonomic}
    uintx NonProfiledCodeHeapSize                  = 122910970                              {pd product} {ergonomic}
   size_t OldSize                                  = 70254592                                  {product} {ergonomic}
    uintx ProfiledCodeHeapSize                     = 122910970                              {pd product} {ergonomic}
    uintx ReservedCodeCacheSize                    = 251658240                              {pd product} {ergonomic}
     bool SegmentedCodeCache                       = true                                      {product} {ergonomic}
     bool UseCompressedClassPointers               = true                                 {lp64_product} {ergonomic}
     bool UseCompressedOops                        = true                                 {lp64_product} {ergonomic}
     bool UseLargePagesIndividualAllocation        = false                                  {pd product} {ergonomic}
     bool UseParallelGC                            = true                                      {product} {command line}

Logging:
Log output configuration:
 #0: stdout all=warning uptime,level,tags
 #1: stderr all=off uptime,level,tags

Environment Variables:
JAVA_HOME=D:\Program Files\Java\jdk-11.0.8
PATH=C:\Program Files (x86)\Common Files\Oracle\Java\javapath;C:\ProgramData\Oracle\Java\javapath;D:\Program Files\Python39\Scripts\;D:\Program Files\Python39\;c:\windows\system32;c:\windows;c:\windows\system32\wbem;c:\windows\system32\windowspowershell\v1.0\;c:\windows\system32;c:\windows;c:\windows\system32\wbem;c:\windows\system32\windowspowershell\v1.0\;c:\windows\system32\openssh\;D:\Program Files\Git\cmd;D:\Program Files\Java\jdk-11.0.8\bin;D:\Program Files\Microsoft VS Code\bin;D:\Program Files\spring-2.3.4.RELEASE\bin;C:\Users\Asus\AppData\Local\Microsoft\WindowsApps;D:\Program Files\heroku\bin;D:\Program Files\spring-2.3.4.RELEASE\bin;D:\Program Files\Python39;
USERNAME=Asus
OS=Windows_NT
PROCESSOR_IDENTIFIER=Intel64 Family 6 Model 142 Stepping 10, GenuineIntel



---------------  S Y S T E M  ---------------

OS: Windows 10 , 64 bit Build 18362 (10.0.18362.1110)

CPU:total 8 (initial active 8) (4 cores per cpu, 2 threads per core) family 6 model 142 stepping 10, cmov, cx8, fxsr, mmx, sse, sse2, sse3, ssse3, sse4.1, sse4.2, popcnt, avx, avx2, aes, clmul, erms, 3dnowpref, lzcnt, ht, tsc, tscinvbit, bmi1, bmi2, adx, fma

Memory: 4k page, system-wide physical 8075M (518M free)
TotalPageFile size 23203M (AvailPageFile size 261M)
current process WorkingSet (physical memory assigned to process): 81M, peak: 81M
current process commit charge ("private bytes"): 212M, peak: 212M

vm_info: Java HotSpot(TM) 64-Bit Server VM (11.0.8+10-LTS) for windows-amd64 JRE (11.0.8+10-LTS), built on Jun 16 2020 05:53:08 by "mach5one" with unknown MS VC++:1916

END.
